INFO:root:Executed R('load(\'../../instructor/assignments/hw4/hw4-tests2.rda\')')
INFO:root:Executed R('truncate.r <- truncate(test$truncate, 0.3)')
INFO:root:(3 points) R('all.equal(truncate.r, sol$truncate, tolerence=1e-4)')[0] is True
INFO:root:Executed R('outlierCutoff.r1 <- outlierCutoff(test$outlierCutoff.1)')
INFO:root:(1 points) R('all.equal(outlierCutoff.r1, sol$outlierCutoff.1, check.attributes=F, tolerence=1e-4)')[0] is True
INFO:root:Executed R('outlierCutoff.r2 <- outlierCutoff(test$outlierCutoff.2)')
INFO:root:(3 points) R('all.equal(outlierCutoff.r2, sol$outlierCutoff.2, check.attributes=F, tolerence=1e-4)')[0] is True
INFO:root:(1 points) R('all.equal(nrow(outlierCutoff.r2), 2)')[0] is True
INFO:root:(1 points) R('all.equal(class(outlierCutoff.r2), \'matrix\')')[0] is True
INFO:root:Executed R('removeOutliers.r1 <- removeOutliers(test$removeOutliers.1, 0.25)')
INFO:root:(1 points) R('all.equal(removeOutliers.r1, sol$removeOutliers.1, check.attributes=F, tolerence=1e-4)')[0] is True
INFO:root:Executed R('removeOutliers.r2 <- removeOutliers(test$removeOutliers.2, 0.3)')
INFO:root:(3 points) R('all.equal(removeOutliers.r2, sol$removeOutliers.2, check.attributes=F, tolerence=1e-4)')[0] is True
INFO:root:(1 points) R('all.equal(nrow(removeOutliers.r2), 880)')[0] is True
INFO:root:(1 points) R('all.equal(class(removeOutliers.r2), \'data.frame\')')[0] is True
INFO:root:Executed R('set.seed(47)')
INFO:root:Executed R('simpleNormSim.r <- simpleNormSim(test$simpleNormSim)')
INFO:root:(3 points) R('all.equal(simpleNormSim.r, sol$simpleNormSim)')[0] is True
INFO:root:(1 points) R('all.equal(length(simpleNormSim.r), 5)')[0] is True
INFO:root:(1 points) R('all.equal(class(simpleNormSim.r), \'list\')')[0] is True
INFO:root:Executed R('meanByLevel.r <- meanByLevel(test$meanByLevel)')
INFO:root:(3 points) R('all.equal(meanByLevel.r, sol$meanByLevel, check.attributes=F, tolerence=1e-4)')[0] is True
INFO:root:(1 points) R('all.equal(dim(meanByLevel.r), c(2, 4))')[0] is True
INFO:root:(1 points) R('all.equal(class(meanByLevel.r), \'matrix\')')[0] is True
INFO:root:Executed R('stdLevelDiff.r1 <- stdLevelDiff(test$stdLevelDiff.1)')
INFO:root:(1 points) R('all.equal(abs(stdLevelDiff.r1), abs(sol$stdLevelDiff.1), check.attributes=F, tolerence=1e-4)')[0] is True
INFO:root:Executed R('stdLevelDiff.r2 <- stdLevelDiff(test$stdLevelDiff.2)')
INFO:root:(3 points) R('all.equal(abs(stdLevelDiff.r2), abs(sol$stdLevelDiff.2), check.attributes=F, tolerence=1e-4)')[0] is True
INFO:root:(1 points) R('all.equal(dim(stdLevelDiff.r2), c(2, 4))')[0] is True
INFO:root:(1 points) R('all.equal(class(stdLevelDiff.r2), \'matrix\')')[0] is True
INFO:root:You got a 31 out of 31.
