INFO:root:Executed R('load(\'../../instructor/assignments/quiz3/quiz3-tests.rda\')')
INFO:root:(1 points) R('all.equal(numAtElements(test$test1), sol$test1)')[0] is True
INFO:root:(1 points) R('all.equal(numAtElements(test$test2), sol$test2)')[0] is True
INFO:root:(1 points) R('all.equal(numAtElements(test$test3), sol$test3)')[0] is True
INFO:root:(1 points) R('all.equal(unexclaim(test$test4), sol$test4)')[0] is True
INFO:root:(1 points) R('all.equal(unexclaim(test$test5), sol$test5)')[0] is True
INFO:root:(1 points) R('all.equal(unexclaim(test$test6), sol$test6)')[0] is True
INFO:root:(1 points) R('all.equal(updateDate(test$test7[[1]], test$test7[[2]]), sol$test7)')[0] is True
INFO:root:(1 points) R('all.equal(updateDate(test$test8[[1]], test$test8[[2]]), sol$test8)')[0] is True
INFO:root:(1 points) R('all.equal(updateDate(test$test9[[1]], test$test9[[2]]), sol$test9)')[0] is True
INFO:root:(1 points) R('all.equal(countcatdog(test$test10), sol$test10)')[0] is True
INFO:root:Executed R('temp <- countcatdog(test$test11)')
INFO:root:(1 points) R('all.equal(names(temp), names(sol$test11))')[0] is True
INFO:root:(1 points) R('all.equal(temp, sol$test11, check.attributes = F)')[0] is True
ERROR:root:(1 points) Checking R('all.equal(countcatdog(test$test12), sol$test12)')[0]
ERROR:root:... Expecting: True
ERROR:root:... But got:   Mean relative difference: 1
INFO:root:(1 points) R('all.equal(sumDigits(test$test13), 7)')[0] is True
INFO:root:(1 points) R('all.equal(sumDigits(test$test14), 0)')[0] is True
INFO:root:(1 points) R('all.equal(sumDigits(test$test15), 12)')[0] is True
INFO:root:(1 points) R('all.equal(dnaTransform(test$test16), sol$test16)')[0] is True
INFO:root:(1 points) R('all.equal(dnaTransform(test$test17), sol$test17)')[0] is True
INFO:root:Executed R('temp2 <- dnaTransform(test$test18)')
INFO:root:(1 points) R('all.equal(length(temp2), 2)')[0] is True
INFO:root:(1 points) R('all.equal(dnaTransform(test$test18), sol$test18)')[0] is True
INFO:root:Executed R('temp3 <- dnaTransform(test$test19)')
INFO:root:(1 points) R('all.equal(length(temp3), 2)')[0] is True
INFO:root:(1 points) R('all.equal(dnaTransform(test$test19), sol$test19)')[0] is True
INFO:root:You got a 21 out of 22.
